d:\gosutest\gosutest\sdl2_ttf\visualc-winrt\uwp_vs2015\objs\arm\debug\sdl2_ttf-uwp\vc140.pdb
d:\gosutest\gosutest\sdl2_ttf\visualc-winrt\uwp_vs2015\objs\arm\debug\sdl2_ttf-uwp\sdl_ttf.obj
d:\gosutest\lib\universal windows\arm\debug\sdl2_ttf.ilk
d:\gosutest\lib\universal windows\arm\debug\sdl2_ttf.dll
d:\gosutest\lib\universal windows\arm\debug\sdl2_ttf.pdb
d:\gosutest\lib\universal windows\arm\debug\sdl2_ttf.lib
d:\gosutest\lib\universal windows\arm\debug\sdl2_ttf.exp
d:\gosutest\gosutest\sdl2_ttf\visualc-winrt\uwp_vs2015\objs\arm\debug\sdl2_ttf-uwp\priconfig.xml
d:\gosutest\gosutest\sdl2_ttf\visualc-winrt\uwp_vs2015\objs\arm\debug\sdl2_ttf-uwp\priconfig.xml.intermediate
d:\gosutest\gosutest\sdl2_ttf\visualc-winrt\uwp_vs2015\objs\arm\debug\sdl2_ttf-uwp\layout.resfiles
d:\gosutest\gosutest\sdl2_ttf\visualc-winrt\uwp_vs2015\objs\arm\debug\sdl2_ttf-uwp\layout.resfiles.intermediate
d:\gosutest\gosutest\sdl2_ttf\visualc-winrt\uwp_vs2015\objs\arm\debug\sdl2_ttf-uwp\resources.resfiles
d:\gosutest\gosutest\sdl2_ttf\visualc-winrt\uwp_vs2015\objs\arm\debug\sdl2_ttf-uwp\resources.resfiles.intermediate
d:\gosutest\gosutest\sdl2_ttf\visualc-winrt\uwp_vs2015\objs\arm\debug\sdl2_ttf-uwp\pri.resfiles
d:\gosutest\gosutest\sdl2_ttf\visualc-winrt\uwp_vs2015\objs\arm\debug\sdl2_ttf-uwp\pri.resfiles.intermediate
d:\gosutest\lib\universal windows\arm\debug\sdl2_ttf.pri
d:\gosutest\gosutest\sdl2_ttf\visualc-winrt\uwp_vs2015\objs\arm\debug\sdl2_ttf-uwp\qualifiers.txt
d:\gosutest\gosutest\sdl2_ttf\visualc-winrt\uwp_vs2015\objs\arm\debug\sdl2_ttf-uwp\qualifiers.txt.intermediate
d:\gosutest\gosutest\sdl2_ttf\visualc-winrt\uwp_vs2015\objs\arm\debug\sdl2_ttf-uwp\multiplequalifiersperdimensionfound.txt
d:\gosutest\gosutest\sdl2_ttf\visualc-winrt\uwp_vs2015\objs\arm\debug\sdl2_ttf-uwp\sdl2_ttf-uwp.vcxprojresolveassemblyreference.cache
d:\gosutest\gosutest\sdl2_ttf\visualc-winrt\uwp_vs2015\..\..\..\..\lib\universal windows\arm\debug\sdl2_ttf.pdb
d:\gosutest\gosutest\sdl2_ttf\visualc-winrt\uwp_vs2015\..\..\..\..\lib\universal windows\arm\debug\sdl2_ttf.dll
d:\gosutest\gosutest\sdl2_ttf\visualc-winrt\uwp_vs2015\..\..\..\..\lib\universal windows\arm\debug\sdl2_ttf.ilk
d:\gosutest\gosutest\sdl2_ttf\visualc-winrt\uwp_vs2015\objs\arm\debug\sdl2_ttf-uwp\sdl2_ttf-uwp.tlog\cl.command.1.tlog
d:\gosutest\gosutest\sdl2_ttf\visualc-winrt\uwp_vs2015\objs\arm\debug\sdl2_ttf-uwp\sdl2_ttf-uwp.tlog\cl.read.1.tlog
d:\gosutest\gosutest\sdl2_ttf\visualc-winrt\uwp_vs2015\objs\arm\debug\sdl2_ttf-uwp\sdl2_ttf-uwp.tlog\cl.write.1.tlog
d:\gosutest\gosutest\sdl2_ttf\visualc-winrt\uwp_vs2015\objs\arm\debug\sdl2_ttf-uwp\sdl2_ttf-uwp.tlog\link.command.1.tlog
d:\gosutest\gosutest\sdl2_ttf\visualc-winrt\uwp_vs2015\objs\arm\debug\sdl2_ttf-uwp\sdl2_ttf-uwp.tlog\link.read.1.tlog
d:\gosutest\gosutest\sdl2_ttf\visualc-winrt\uwp_vs2015\objs\arm\debug\sdl2_ttf-uwp\sdl2_ttf-uwp.tlog\link.write.1.tlog
d:\gosutest\gosutest\sdl2_ttf\visualc-winrt\uwp_vs2015\objs\arm\debug\sdl2_ttf-uwp\sdl2_ttf-uwp.tlog\sdl2_ttf-uwp.read.1u.tlog
d:\gosutest\gosutest\sdl2_ttf\visualc-winrt\uwp_vs2015\objs\arm\debug\sdl2_ttf-uwp\sdl2_ttf-uwp.tlog\sdl2_ttf-uwp.write.1u.tlog
