d:\gosutest\gosutest\sdl2_ttf\visualc-winrt\uwp_vs2015\objs\win32\debug\freetype-uwp\autofit.obj
d:\gosutest\gosutest\sdl2_ttf\visualc-winrt\uwp_vs2015\objs\win32\debug\freetype-uwp\ftbbox.obj
d:\gosutest\gosutest\sdl2_ttf\visualc-winrt\uwp_vs2015\objs\win32\debug\freetype-uwp\ftfstype.obj
d:\gosutest\gosutest\sdl2_ttf\visualc-winrt\uwp_vs2015\objs\win32\debug\freetype-uwp\ftglyph.obj
d:\gosutest\gosutest\sdl2_ttf\visualc-winrt\uwp_vs2015\objs\win32\debug\freetype-uwp\ftgxval.obj
d:\gosutest\gosutest\sdl2_ttf\visualc-winrt\uwp_vs2015\objs\win32\debug\freetype-uwp\ftlcdfil.obj
d:\gosutest\gosutest\sdl2_ttf\visualc-winrt\uwp_vs2015\objs\win32\debug\freetype-uwp\ftotval.obj
d:\gosutest\gosutest\sdl2_ttf\visualc-winrt\uwp_vs2015\objs\win32\debug\freetype-uwp\ftpfr.obj
d:\gosutest\gosutest\sdl2_ttf\visualc-winrt\uwp_vs2015\objs\win32\debug\freetype-uwp\ftsynth.obj
d:\gosutest\gosutest\sdl2_ttf\visualc-winrt\uwp_vs2015\objs\win32\debug\freetype-uwp\fttype1.obj
d:\gosutest\gosutest\sdl2_ttf\visualc-winrt\uwp_vs2015\objs\win32\debug\freetype-uwp\ftxf86.obj
d:\gosutest\gosutest\sdl2_ttf\visualc-winrt\uwp_vs2015\objs\win32\debug\freetype-uwp\ftcache.obj
d:\gosutest\gosutest\sdl2_ttf\visualc-winrt\uwp_vs2015\objs\win32\debug\freetype-uwp\type1cid.obj
d:\gosutest\gosutest\sdl2_ttf\visualc-winrt\uwp_vs2015\objs\win32\debug\freetype-uwp\ftlzw.obj
d:\gosutest\gosutest\sdl2_ttf\visualc-winrt\uwp_vs2015\objs\win32\debug\freetype-uwp\pfr.obj
d:\gosutest\gosutest\sdl2_ttf\visualc-winrt\uwp_vs2015\objs\win32\debug\freetype-uwp\psmodule.obj
d:\gosutest\gosutest\sdl2_ttf\visualc-winrt\uwp_vs2015\objs\win32\debug\freetype-uwp\sfnt.obj
d:\gosutest\gosutest\sdl2_ttf\visualc-winrt\uwp_vs2015\objs\win32\debug\freetype-uwp\truetype.obj
d:\gosutest\gosutest\sdl2_ttf\visualc-winrt\uwp_vs2015\objs\win32\debug\freetype-uwp\type42.obj
d:\gosutest\gosutest\sdl2_ttf\visualc-winrt\uwp_vs2015\objs\win32\debug\freetype-uwp\ftbase.obj
d:\gosutest\gosutest\sdl2_ttf\visualc-winrt\uwp_vs2015\objs\win32\debug\freetype-uwp\ftbitmap.obj
d:\gosutest\gosutest\sdl2_ttf\visualc-winrt\uwp_vs2015\objs\win32\debug\freetype-uwp\ftdebug.obj
d:\gosutest\gosutest\sdl2_ttf\visualc-winrt\uwp_vs2015\objs\win32\debug\freetype-uwp\ftgasp.obj
d:\gosutest\gosutest\sdl2_ttf\visualc-winrt\uwp_vs2015\objs\win32\debug\freetype-uwp\ftinit.obj
d:\gosutest\gosutest\sdl2_ttf\visualc-winrt\uwp_vs2015\objs\win32\debug\freetype-uwp\ftmm.obj
d:\gosutest\gosutest\sdl2_ttf\visualc-winrt\uwp_vs2015\objs\win32\debug\freetype-uwp\ftpatent.obj
d:\gosutest\gosutest\sdl2_ttf\visualc-winrt\uwp_vs2015\objs\win32\debug\freetype-uwp\ftstroke.obj
d:\gosutest\gosutest\sdl2_ttf\visualc-winrt\uwp_vs2015\objs\win32\debug\freetype-uwp\ftsystem.obj
d:\gosutest\gosutest\sdl2_ttf\visualc-winrt\uwp_vs2015\objs\win32\debug\freetype-uwp\ftwinfnt.obj
d:\gosutest\gosutest\sdl2_ttf\visualc-winrt\uwp_vs2015\objs\win32\debug\freetype-uwp\bdf.obj
d:\gosutest\gosutest\sdl2_ttf\visualc-winrt\uwp_vs2015\objs\win32\debug\freetype-uwp\cff.obj
d:\gosutest\gosutest\sdl2_ttf\visualc-winrt\uwp_vs2015\objs\win32\debug\freetype-uwp\ftgzip.obj
d:\gosutest\gosutest\sdl2_ttf\visualc-winrt\uwp_vs2015\objs\win32\debug\freetype-uwp\pcf.obj
d:\gosutest\gosutest\sdl2_ttf\visualc-winrt\uwp_vs2015\objs\win32\debug\freetype-uwp\psaux.obj
d:\gosutest\gosutest\sdl2_ttf\visualc-winrt\uwp_vs2015\objs\win32\debug\freetype-uwp\pshinter.obj
d:\gosutest\gosutest\sdl2_ttf\visualc-winrt\uwp_vs2015\objs\win32\debug\freetype-uwp\raster.obj
d:\gosutest\gosutest\sdl2_ttf\visualc-winrt\uwp_vs2015\objs\win32\debug\freetype-uwp\smooth.obj
d:\gosutest\gosutest\sdl2_ttf\visualc-winrt\uwp_vs2015\objs\win32\debug\freetype-uwp\type1.obj
d:\gosutest\gosutest\sdl2_ttf\visualc-winrt\uwp_vs2015\objs\win32\debug\freetype-uwp\winfnt.obj
d:\gosutest\gosutest\sdl2_ttf\visualc-winrt\uwp_vs2015\objs\win32\debug\freetype-uwp\freetype-uwp.pdb
d:\gosutest\gosutest\sdl2_ttf\visualc-winrt\uwp_vs2015\objs\win32\debug\freetype-uwp\priconfig.xml
d:\gosutest\gosutest\sdl2_ttf\visualc-winrt\uwp_vs2015\objs\win32\debug\freetype-uwp\priconfig.xml.intermediate
d:\gosutest\gosutest\sdl2_ttf\visualc-winrt\uwp_vs2015\objs\win32\debug\freetype-uwp\layout.resfiles
d:\gosutest\gosutest\sdl2_ttf\visualc-winrt\uwp_vs2015\objs\win32\debug\freetype-uwp\layout.resfiles.intermediate
d:\gosutest\gosutest\sdl2_ttf\visualc-winrt\uwp_vs2015\objs\win32\debug\freetype-uwp\resources.resfiles
d:\gosutest\gosutest\sdl2_ttf\visualc-winrt\uwp_vs2015\objs\win32\debug\freetype-uwp\resources.resfiles.intermediate
d:\gosutest\gosutest\sdl2_ttf\visualc-winrt\uwp_vs2015\objs\win32\debug\freetype-uwp\pri.resfiles
d:\gosutest\gosutest\sdl2_ttf\visualc-winrt\uwp_vs2015\objs\win32\debug\freetype-uwp\pri.resfiles.intermediate
d:\gosutest\lib\universal windows\win32\debug\freetype.pri
d:\gosutest\gosutest\sdl2_ttf\visualc-winrt\uwp_vs2015\objs\win32\debug\freetype-uwp\qualifiers.txt
d:\gosutest\gosutest\sdl2_ttf\visualc-winrt\uwp_vs2015\objs\win32\debug\freetype-uwp\qualifiers.txt.intermediate
d:\gosutest\gosutest\sdl2_ttf\visualc-winrt\uwp_vs2015\objs\win32\debug\freetype-uwp\multiplequalifiersperdimensionfound.txt
d:\gosutest\lib\universal windows\win32\debug\freetype.lib
d:\gosutest\gosutest\sdl2_ttf\visualc-winrt\uwp_vs2015\objs\win32\debug\freetype-uwp\freetype-uwp.idb
d:\gosutest\gosutest\sdl2_ttf\visualc-winrt\uwp_vs2015\..\..\..\..\lib\universal windows\win32\debug\freetype.lib
d:\gosutest\gosutest\sdl2_ttf\visualc-winrt\uwp_vs2015\objs\win32\debug\freetype-uwp\freetype-uwp.tlog\cl.command.1.tlog
d:\gosutest\gosutest\sdl2_ttf\visualc-winrt\uwp_vs2015\objs\win32\debug\freetype-uwp\freetype-uwp.tlog\cl.read.1.tlog
d:\gosutest\gosutest\sdl2_ttf\visualc-winrt\uwp_vs2015\objs\win32\debug\freetype-uwp\freetype-uwp.tlog\cl.write.1.tlog
d:\gosutest\gosutest\sdl2_ttf\visualc-winrt\uwp_vs2015\objs\win32\debug\freetype-uwp\freetype-uwp.tlog\freetype-uwp.read.1u.tlog
d:\gosutest\gosutest\sdl2_ttf\visualc-winrt\uwp_vs2015\objs\win32\debug\freetype-uwp\freetype-uwp.tlog\freetype-uwp.write.1u.tlog
d:\gosutest\gosutest\sdl2_ttf\visualc-winrt\uwp_vs2015\objs\win32\debug\freetype-uwp\freetype-uwp.tlog\lib-link.read.1.tlog
d:\gosutest\gosutest\sdl2_ttf\visualc-winrt\uwp_vs2015\objs\win32\debug\freetype-uwp\freetype-uwp.tlog\lib-link.write.1.tlog
d:\gosutest\gosutest\sdl2_ttf\visualc-winrt\uwp_vs2015\objs\win32\debug\freetype-uwp\freetype-uwp.tlog\lib.command.1.tlog
